#! /usr/bin/vvp
:ivl_version "0.9.7 " "(v0_9_7)";
:vpi_time_precision - 12;
:vpi_module "system";
:vpi_module "v2005_math";
:vpi_module "va_math";
S_0x1d3b730 .scope module, "gcd_calculator_tb" "gcd_calculator_tb" 2 34;
 .timescale -9 -12;
v0x1d92480_0 .var/s "A", 7 0;
v0x1d92520_0 .var/s "B", 7 0;
v0x1d925d0_0 .var "clk", 0 0;
v0x1d92680_0 .net "eq", 0 0, v0x1d92150_0; 1 drivers
v0x1d92760_0 .net/s "gcd", 7 0, v0x1d92240_0; 1 drivers
v0x1d92810_0 .net "lt", 0 0, v0x1d922e0_0; 1 drivers
v0x1d92890_0 .var "reset", 0 0;
S_0x1d3b820 .scope module, "G" "gcd_calculator" 2 51, 3 51, S_0x1d3b730;
 .timescale -9 -12;
v0x1d70cf0_0 .net/s "A", 7 0, v0x1d92480_0; 1 drivers
v0x1d91d40_0 .net/s "B", 7 0, v0x1d92520_0; 1 drivers
v0x1d91de0_0 .var/s "X", 7 0;
v0x1d91e80_0 .var/s "X_new", 7 0;
v0x1d91f30_0 .var/s "Y", 7 0;
v0x1d91fd0_0 .var/s "Y_new", 7 0;
v0x1d920b0_0 .net "clk", 0 0, v0x1d925d0_0; 1 drivers
v0x1d92150_0 .var "eqflg", 0 0;
v0x1d92240_0 .var/s "gcd", 7 0;
v0x1d922e0_0 .var "ltflg", 0 0;
v0x1d923e0_0 .net "reset", 0 0, v0x1d92890_0; 1 drivers
E_0x1d65e90 .event edge, v0x1d91f30_0, v0x1d91de0_0;
E_0x1d73c00 .event posedge, v0x1d920b0_0;
    .scope S_0x1d3b820;
T_0 ;
    %wait E_0x1d73c00;
    %load/v 8, v0x1d923e0_0, 1;
    %jmp/0xz  T_0.0, 8;
    %load/v 8, v0x1d70cf0_0, 8;
    %ix/load 0, 8, 0;
    %assign/v0 v0x1d91de0_0, 0, 8;
    %load/v 8, v0x1d91d40_0, 8;
    %ix/load 0, 8, 0;
    %assign/v0 v0x1d91f30_0, 0, 8;
    %ix/load 0, 8, 0;
    %assign/v0 v0x1d92240_0, 0, 2;
    %jmp T_0.1;
T_0.0 ;
    %load/v 8, v0x1d92150_0, 1;
    %mov 9, 0, 1;
    %cmpi/u 8, 0, 2;
    %jmp/0xz  T_0.2, 4;
    %load/v 8, v0x1d91e80_0, 8;
    %ix/load 0, 8, 0;
    %assign/v0 v0x1d91de0_0, 0, 8;
    %load/v 8, v0x1d91fd0_0, 8;
    %ix/load 0, 8, 0;
    %assign/v0 v0x1d91f30_0, 0, 8;
    %load/v 8, v0x1d91de0_0, 8;
    %ix/load 0, 8, 0;
    %assign/v0 v0x1d92240_0, 0, 8;
T_0.2 ;
T_0.1 ;
    %jmp T_0;
    .thread T_0;
    .scope S_0x1d3b820;
T_1 ;
    %wait E_0x1d65e90;
    %load/v 8, v0x1d91de0_0, 8;
    %load/v 16, v0x1d91f30_0, 8;
    %cmp/u 8, 16, 8;
    %mov 8, 4, 1;
    %set/v v0x1d92150_0, 8, 1;
    %load/v 8, v0x1d91de0_0, 8;
    %load/v 16, v0x1d91f30_0, 8;
    %cmp/s 8, 16, 8;
    %mov 8, 5, 1;
    %set/v v0x1d922e0_0, 8, 1;
    %load/v 8, v0x1d92150_0, 1;
    %jmp/0xz  T_1.0, 8;
    %load/v 8, v0x1d91de0_0, 8;
    %set/v v0x1d92240_0, 8, 8;
    %jmp T_1.1;
T_1.0 ;
    %load/v 8, v0x1d922e0_0, 1;
    %jmp/0xz  T_1.2, 8;
    %load/v 8, v0x1d91de0_0, 8;
    %set/v v0x1d91e80_0, 8, 8;
    %load/v 8, v0x1d91f30_0, 8;
    %load/v 16, v0x1d91de0_0, 8;
    %sub 8, 16, 8;
    %set/v v0x1d91fd0_0, 8, 8;
    %jmp T_1.3;
T_1.2 ;
    %load/v 8, v0x1d91de0_0, 8;
    %load/v 16, v0x1d91f30_0, 8;
    %sub 8, 16, 8;
    %set/v v0x1d91e80_0, 8, 8;
    %load/v 8, v0x1d91f30_0, 8;
    %set/v v0x1d91fd0_0, 8, 8;
T_1.3 ;
T_1.1 ;
    %jmp T_1;
    .thread T_1, $push;
    .scope S_0x1d3b730;
T_2 ;
    %set/v v0x1d925d0_0, 0, 1;
    %delay 2000, 0;
    %set/v v0x1d92890_0, 1, 1;
    %delay 7000, 0;
    %set/v v0x1d92890_0, 0, 1;
    %end;
    .thread T_2;
    .scope S_0x1d3b730;
T_3 ;
    %delay 5000, 0;
    %load/v 8, v0x1d925d0_0, 1;
    %inv 8, 1;
    %set/v v0x1d925d0_0, 8, 1;
    %jmp T_3;
    .thread T_3;
    .scope S_0x1d3b730;
T_4 ;
    %vpi_call 2 66 "$display", "\012=========== GCD COMPUTATION ==================== \012";
    %vpi_call 2 69 "$monitor", $time, " clock=%b,r=%b,A=%b,B=%b,GCD=%b,eq=%b,lt=%b", v0x1d925d0_0, v0x1d92890_0, v0x1d92480_0, v0x1d92520_0, v0x1d92760_0, v0x1d92680_0, v0x1d92810_0;
    %vpi_call 2 73 "$display", $time, ": GCD of 5 and 16";
    %movi 8, 5, 8;
    %set/v v0x1d92480_0, 8, 8;
    %movi 8, 16, 8;
    %set/v v0x1d92520_0, 8, 8;
    %delay 100000, 0;
    %vpi_call 2 76 "$display", $time, ": GCD of 5 and 20";
    %movi 8, 5, 8;
    %set/v v0x1d92480_0, 8, 8;
    %movi 8, 20, 8;
    %set/v v0x1d92520_0, 8, 8;
    %delay 2000, 0;
    %set/v v0x1d92890_0, 1, 1;
    %delay 7000, 0;
    %set/v v0x1d92890_0, 0, 1;
    %delay 93000, 0;
    %vpi_call 2 81 "$display", $time, ": GCD of 24 and 16";
    %movi 8, 24, 8;
    %set/v v0x1d92480_0, 8, 8;
    %movi 8, 16, 8;
    %set/v v0x1d92520_0, 8, 8;
    %delay 2000, 0;
    %set/v v0x1d92890_0, 1, 1;
    %delay 7000, 0;
    %set/v v0x1d92890_0, 0, 1;
    %delay 91000, 0;
    %vpi_call 2 86 "$display", $time, ": GCD of 15 and 20";
    %movi 8, 15, 8;
    %set/v v0x1d92480_0, 8, 8;
    %movi 8, 20, 8;
    %set/v v0x1d92520_0, 8, 8;
    %delay 2000, 0;
    %set/v v0x1d92890_0, 1, 1;
    %delay 7000, 0;
    %set/v v0x1d92890_0, 0, 1;
    %delay 91000, 0;
    %vpi_call 2 91 "$display", $time, ": GCD of 121 and 110";
    %movi 8, 121, 8;
    %set/v v0x1d92480_0, 8, 8;
    %movi 8, 110, 8;
    %set/v v0x1d92520_0, 8, 8;
    %delay 2000, 0;
    %set/v v0x1d92890_0, 1, 1;
    %delay 7000, 0;
    %set/v v0x1d92890_0, 0, 1;
    %delay 91000, 0;
    %vpi_call 2 96 "$display", $time, ": GCD of 120 and 72";
    %movi 8, 120, 8;
    %set/v v0x1d92480_0, 8, 8;
    %movi 8, 72, 8;
    %set/v v0x1d92520_0, 8, 8;
    %delay 2000, 0;
    %set/v v0x1d92890_0, 1, 1;
    %delay 7000, 0;
    %set/v v0x1d92890_0, 0, 1;
    %delay 91000, 0;
    %vpi_call 2 101 "$display", $time, ": GCD of 17 and 23";
    %movi 8, 17, 8;
    %set/v v0x1d92480_0, 8, 8;
    %movi 8, 23, 8;
    %set/v v0x1d92520_0, 8, 8;
    %delay 2000, 0;
    %set/v v0x1d92890_0, 1, 1;
    %delay 7000, 0;
    %set/v v0x1d92890_0, 0, 1;
    %delay 91000, 0;
    %vpi_call 2 106 "$display", $time, ": GCD of 111 and 99";
    %movi 8, 111, 8;
    %set/v v0x1d92480_0, 8, 8;
    %movi 8, 99, 8;
    %set/v v0x1d92520_0, 8, 8;
    %delay 2000, 0;
    %set/v v0x1d92890_0, 1, 1;
    %delay 7000, 0;
    %set/v v0x1d92890_0, 0, 1;
    %delay 150000, 0;
    %vpi_call 2 111 "$display", $time, ": GCD of 111 and 111";
    %movi 8, 111, 8;
    %set/v v0x1d92480_0, 8, 8;
    %movi 8, 111, 8;
    %set/v v0x1d92520_0, 8, 8;
    %delay 2000, 0;
    %set/v v0x1d92890_0, 1, 1;
    %delay 7000, 0;
    %set/v v0x1d92890_0, 0, 1;
    %delay 50000, 0;
    %vpi_call 2 116 "$display", $time, ": GCD of 127 and 8";
    %movi 8, 127, 8;
    %set/v v0x1d92480_0, 8, 8;
    %movi 8, 111, 8;
    %set/v v0x1d92520_0, 8, 8;
    %delay 2000, 0;
    %set/v v0x1d92890_0, 1, 1;
    %delay 7000, 0;
    %set/v v0x1d92890_0, 0, 1;
    %delay 150000, 0;
    %vpi_call 2 120 "$finish";
    %end;
    .thread T_4;
# The file index is used to find the file name in the following table.
:file_names 4;
    "N/A";
    "<interactive>";
    "gcd_calculator_tb.v";
    "./gcd_calculator.v";
